{
  "RSpec": {
    "coverage": {
      "C:/Coding Projects/Ruby/gift-wise-app/app/services/notification_scheduler.rb": {
        "lines": [
          1,
          1,
          1,
          null,
          1,
          1,
          1,
          null,
          1,
          2,
          1,
          null,
          null,
          1,
          1,
          1,
          1,
          1,
          null,
          null,
          null,
          1,
          1,
          null,
          null,
          1,
          null,
          1,
          1,
          null,
          1,
          1,
          null,
          0,
          0,
          0,
          null,
          null,
          0,
          0,
          null,
          null,
          null,
          null,
          null
        ]
      },
      "C:/Coding Projects/Ruby/gift-wise-app/app/helpers/application_helper.rb": {
        "lines": [
          1,
          1,
          6,
          null,
          6,
          6,
          6,
          6,
          null,
          null
        ]
      },
      "C:/Coding Projects/Ruby/gift-wise-app/app/controllers/contacts_controller.rb": {
        "lines": [
          1,
          1,
          1,
          null,
          1,
          12,
          19,
          null,
          null,
          1,
          10,
          null,
          null,
          1,
          10,
          null,
          10,
          2,
          2,
          null,
          null,
          8,
          null,
          8,
          2,
          2,
          null,
          null,
          6,
          null,
          6,
          4,
          null,
          2,
          null,
          null,
          null,
          1,
          0,
          null,
          null,
          1,
          6,
          6,
          6,
          11,
          null,
          null,
          0,
          0,
          0,
          null,
          null,
          null,
          null,
          1,
          4,
          4,
          null,
          null,
          1,
          0,
          0,
          null,
          0,
          null,
          null,
          1,
          null,
          1,
          12,
          null,
          null
        ]
      },
      "C:/Coding Projects/Ruby/gift-wise-app/app/controllers/application_controller.rb": {
        "lines": [
          1,
          1,
          null,
          1,
          null,
          1,
          901,
          284,
          233,
          null,
          51,
          null,
          null,
          null,
          1,
          342,
          null,
          null,
          1,
          250,
          32,
          null,
          null,
          null
        ]
      },
      "C:/Coding Projects/Ruby/gift-wise-app/app/controllers/discussions_controller.rb": {
        "lines": [
          1,
          1,
          1,
          1,
          null,
          1,
          11,
          11,
          11,
          11,
          11,
          null,
          null,
          1,
          5,
          5,
          5,
          null,
          5,
          4,
          4,
          null,
          1,
          null,
          null,
          10,
          null,
          null,
          1,
          7,
          7,
          7,
          7,
          7,
          null,
          7,
          5,
          9,
          6,
          null,
          null,
          2,
          4,
          2,
          0,
          0,
          null,
          null,
          null,
          null,
          null,
          1,
          null,
          1,
          30,
          null,
          null,
          1,
          30,
          30,
          30,
          null,
          null,
          null,
          null,
          30,
          30,
          null,
          30,
          21,
          2,
          null,
          21,
          null,
          null,
          9,
          2,
          null,
          null,
          null,
          1,
          53,
          3,
          3,
          2,
          null,
          1,
          null,
          null,
          null,
          null,
          1,
          5,
          5,
          1,
          null,
          4,
          null,
          null,
          null,
          1,
          7,
          null,
          null,
          1,
          null,
          5,
          null,
          null,
          null,
          null,
          null,
          null,
          null,
          null,
          null,
          null
        ]
      },
      "C:/Coding Projects/Ruby/gift-wise-app/app/controllers/events_controller.rb": {
        "lines": [
          1,
          1,
          1,
          1,
          1,
          null,
          1,
          16,
          null,
          null,
          null,
          null,
          null,
          null,
          null,
          null,
          null,
          1,
          9,
          9,
          9,
          9,
          null,
          null,
          null,
          9,
          null,
          null,
          1,
          11,
          null,
          null,
          1,
          4,
          4,
          4,
          4,
          null,
          4,
          0,
          0,
          0,
          0,
          null,
          null,
          null,
          4,
          0,
          0,
          null,
          0,
          0,
          null,
          null,
          null,
          null,
          null,
          null,
          null,
          null,
          4,
          null,
          0,
          null,
          null,
          null,
          1,
          null,
          null,
          1,
          1,
          1,
          null,
          0,
          null,
          null,
          null,
          1,
          0,
          0,
          null,
          null,
          1,
          null,
          1,
          11,
          null,
          null,
          1,
          2,
          0,
          null,
          null,
          null,
          1,
          9,
          9,
          9,
          null,
          null,
          null,
          null,
          9,
          0,
          null,
          null,
          null,
          1,
          5,
          null,
          null
        ]
      },
      "C:/Coding Projects/Ruby/gift-wise-app/app/controllers/gift_ideas_controller.rb": {
        "lines": [
          1,
          1,
          1,
          null,
          1,
          3,
          null,
          null,
          1,
          10,
          7,
          null,
          3,
          null,
          null,
          null,
          1,
          0,
          0,
          null,
          null,
          null,
          null,
          null,
          null,
          null,
          0,
          0,
          0,
          null,
          0,
          null,
          null,
          null,
          1,
          null,
          1,
          14,
          null,
          1,
          null,
          null,
          1,
          10,
          null,
          null
        ]
      },
      "C:/Coding Projects/Ruby/gift-wise-app/app/controllers/home_controller.rb": {
        "lines": [
          1,
          1,
          null,
          1,
          21,
          21,
          null,
          null,
          1,
          0,
          null,
          0,
          0,
          0,
          0,
          0,
          0,
          null,
          0,
          null,
          null,
          0,
          0,
          null,
          0,
          null,
          null,
          null,
          null,
          0,
          0,
          null,
          0,
          null,
          null,
          0,
          null,
          null,
          null,
          null,
          null,
          null,
          1,
          null,
          1,
          0,
          null,
          0,
          0,
          null,
          0,
          null,
          0,
          0,
          null,
          null,
          0,
          0,
          null,
          null,
          0,
          0,
          null,
          null,
          0,
          0,
          null,
          null,
          0,
          0,
          null,
          null
        ]
      },
      "C:/Coding Projects/Ruby/gift-wise-app/app/controllers/wish_list_items_controller.rb": {
        "lines": [
          1,
          1,
          1,
          null,
          1,
          3,
          null,
          null,
          1,
          2,
          null,
          null,
          1,
          6,
          null,
          6,
          3,
          null,
          3,
          null,
          null,
          null,
          1,
          null,
          null,
          1,
          5,
          3,
          null,
          2,
          null,
          null,
          null,
          1,
          3,
          3,
          null,
          null,
          1,
          null,
          1,
          12,
          null,
          null,
          1,
          11,
          null,
          null
        ]
      },
      "C:/Coding Projects/Ruby/gift-wise-app/app/jobs/check_notifications_job.rb": {
        "lines": [
          1,
          1,
          null,
          1,
          2,
          null,
          null
        ]
      },
      "C:/Coding Projects/Ruby/gift-wise-app/app/jobs/application_job.rb": {
        "lines": [
          1,
          null,
          null,
          null,
          null,
          null,
          null
        ]
      },
      "C:/Coding Projects/Ruby/gift-wise-app/app/mailers/event_reminder_mailer.rb": {
        "lines": [
          1,
          1,
          null,
          1,
          12,
          12,
          12,
          null,
          null
        ]
      },
      "C:/Coding Projects/Ruby/gift-wise-app/app/mailers/application_mailer.rb": {
        "lines": [
          1,
          1,
          1,
          null
        ]
      },
      "C:/Coding Projects/Ruby/gift-wise-app/app/mailers/gift_reminder_mailer.rb": {
        "lines": [
          1,
          1,
          null,
          1,
          13,
          13,
          13,
          13,
          null,
          null
        ]
      },
      "C:/Coding Projects/Ruby/gift-wise-app/app/models/contact.rb": {
        "lines": [
          1,
          1,
          1,
          null,
          1,
          1,
          1,
          1,
          null,
          1,
          null,
          1,
          61,
          1,
          null,
          null,
          null,
          1,
          61,
          2,
          null,
          null,
          null
        ]
      },
      "C:/Coding Projects/Ruby/gift-wise-app/app/models/application_record.rb": {
        "lines": [
          1,
          1,
          null
        ]
      },
      "C:/Coding Projects/Ruby/gift-wise-app/app/models/discussion_message.rb": {
        "lines": [
          1,
          1,
          1,
          null,
          1,
          1,
          1,
          null,
          19,
          null
        ]
      },
      "C:/Coding Projects/Ruby/gift-wise-app/app/models/discussion.rb": {
        "lines": [
          1,
          1,
          null,
          1,
          1,
          null,
          1,
          1,
          1,
          null,
          21,
          6,
          null
        ]
      },
      "C:/Coding Projects/Ruby/gift-wise-app/app/models/email_notification_preference.rb": {
        "lines": [
          1,
          1,
          null,
          null,
          1,
          null,
          null,
          null,
          null,
          null,
          null,
          null,
          null,
          1,
          1,
          1,
          null,
          1,
          null,
          1,
          null,
          1,
          30,
          30,
          30,
          30,
          null,
          null
        ]
      },
      "C:/Coding Projects/Ruby/gift-wise-app/app/models/event_attendee.rb": {
        "lines": [
          1,
          1,
          1,
          null,
          1,
          null
        ]
      },
      "C:/Coding Projects/Ruby/gift-wise-app/app/models/event.rb": {
        "lines": [
          1,
          1,
          1,
          1,
          1,
          1,
          1,
          null,
          1,
          null,
          1,
          1,
          1,
          1,
          1,
          null,
          1,
          1,
          null,
          1,
          21,
          21,
          21,
          null,
          21,
          null,
          null,
          null,
          null,
          null,
          null,
          null,
          null,
          1,
          9,
          null,
          9,
          null,
          null,
          null,
          null,
          9,
          9,
          9,
          null,
          null,
          1,
          null,
          1,
          5,
          3,
          null,
          null,
          null,
          1,
          239,
          232,
          null,
          null
        ]
      },
      "C:/Coding Projects/Ruby/gift-wise-app/app/models/gift_for_recipient.rb": {
        "lines": [
          1,
          1,
          null,
          1,
          1,
          null,
          1,
          null,
          1,
          1,
          1,
          1,
          null,
          1,
          1,
          null,
          1,
          0,
          null,
          null,
          1,
          0,
          null,
          null,
          1,
          0,
          null,
          null
        ]
      },
      "C:/Coding Projects/Ruby/gift-wise-app/app/models/gift_idea.rb": {
        "lines": [
          1,
          1,
          1,
          null,
          1,
          null,
          1,
          1,
          1,
          1,
          1,
          1,
          null
        ]
      },
      "C:/Coding Projects/Ruby/gift-wise-app/app/models/recipient.rb": {
        "lines": [
          1,
          1,
          1,
          1,
          null,
          1,
          1,
          1,
          null
        ]
      },
      "C:/Coding Projects/Ruby/gift-wise-app/app/models/sent_reminder.rb": {
        "lines": [
          1,
          1,
          1,
          null,
          1,
          1,
          1,
          1,
          null
        ]
      },
      "C:/Coding Projects/Ruby/gift-wise-app/app/models/user.rb": {
        "lines": [
          1,
          1,
          1,
          1,
          1,
          1,
          1,
          1,
          1,
          1,
          1,
          null,
          1,
          null,
          1,
          null,
          15,
          null,
          1,
          null,
          1,
          606,
          1,
          null,
          1,
          1,
          1,
          1,
          1,
          1,
          null,
          1,
          null,
          1,
          605,
          null,
          null,
          1,
          605,
          null,
          null
        ]
      },
      "C:/Coding Projects/Ruby/gift-wise-app/app/models/wish_list_item.rb": {
        "lines": [
          1,
          1,
          null,
          1,
          1,
          1,
          1,
          1,
          null,
          1,
          null,
          1,
          null,
          1,
          88,
          2,
          null,
          null,
          null
        ]
      },
      "C:/Coding Projects/Ruby/gift-wise-app/app/services/notification_service.rb": {
        "lines": [
          1,
          null,
          1,
          null,
          null,
          null,
          null,
          null,
          null,
          null,
          null,
          1,
          1,
          4,
          3,
          3,
          null,
          null,
          null,
          1,
          null,
          1,
          6,
          null,
          6,
          6,
          null,
          6,
          5,
          5,
          5,
          null,
          5,
          5,
          null,
          5,
          4,
          4,
          3,
          null,
          3,
          3,
          null,
          null,
          null,
          null,
          null,
          3,
          null,
          null,
          null,
          1,
          4,
          4,
          3,
          null,
          3,
          2,
          null,
          2,
          2,
          2,
          null,
          null,
          null,
          null,
          null,
          null,
          null,
          null,
          1,
          8,
          8,
          null,
          8,
          1,
          1,
          1,
          1,
          1,
          null,
          null,
          1,
          1,
          1,
          null,
          7,
          7,
          null,
          7,
          null,
          null,
          null,
          null,
          1,
          6,
          null,
          6,
          8,
          8,
          null,
          null,
          16,
          null,
          null,
          null,
          8,
          6,
          null,
          null,
          8,
          null,
          null,
          6,
          null,
          null,
          1,
          10,
          10,
          10,
          null,
          10,
          10,
          null,
          null,
          10,
          10,
          null,
          null,
          10,
          10,
          null,
          null,
          10,
          null,
          null,
          10,
          10,
          3,
          null,
          7,
          7,
          null,
          null,
          null,
          null
        ]
      },
      "C:/Coding Projects/Ruby/gift-wise-app/app/controllers/sessions_controller.rb": {
        "lines": [
          1,
          1,
          null,
          null,
          1,
          124,
          124,
          121,
          121,
          121,
          null,
          3,
          3,
          3,
          null,
          null,
          null,
          1,
          13,
          13,
          13,
          null,
          null
        ]
      },
      "C:/Coding Projects/Ruby/gift-wise-app/app/controllers/event_attendees_controller.rb": {
        "lines": [
          1,
          1,
          1,
          1,
          1,
          null,
          1,
          3,
          null,
          3,
          2,
          null,
          1,
          null,
          null,
          null,
          1,
          2,
          2,
          null,
          null,
          1,
          null,
          1,
          7,
          null,
          null,
          1,
          3,
          null,
          null,
          1,
          7,
          2,
          null,
          null,
          null,
          1,
          3,
          null,
          null
        ]
      },
      "C:/Coding Projects/Ruby/gift-wise-app/app/services/gemini_service.rb": {
        "lines": [
          1,
          1,
          1,
          null,
          1,
          1,
          1,
          null,
          1,
          13,
          13,
          null,
          null,
          1,
          0,
          null,
          null,
          1,
          7,
          null,
          null,
          1,
          null,
          1,
          7,
          null,
          null,
          7,
          null,
          null,
          null,
          null,
          null,
          null,
          7,
          7,
          null,
          7,
          7,
          7,
          null,
          7,
          null,
          7,
          null,
          7,
          7,
          null,
          null,
          1,
          7,
          0,
          0,
          0,
          null,
          7,
          7,
          7,
          7,
          null,
          null,
          0,
          0,
          null,
          null
        ]
      },
      "C:/Coding Projects/Ruby/gift-wise-app/app/controllers/recipients_controller.rb": {
        "lines": [
          1,
          1,
          1,
          1,
          1,
          null,
          1,
          3,
          3,
          2,
          null,
          1,
          null,
          null,
          null,
          1,
          null,
          2,
          2,
          4,
          2,
          null,
          null,
          0,
          0,
          0,
          0,
          null,
          null,
          null,
          null,
          1,
          6,
          6,
          null,
          6,
          6,
          6,
          6,
          null,
          null,
          6,
          null,
          null,
          null,
          null,
          null,
          null,
          1,
          3,
          null,
          3,
          3,
          3,
          3,
          null,
          3,
          6,
          null,
          null,
          0,
          0,
          0,
          null,
          null,
          null,
          1,
          4,
          4,
          null,
          4,
          4,
          null,
          0,
          null,
          null,
          null,
          1,
          4,
          4,
          4,
          null,
          4,
          4,
          null,
          0,
          null,
          null,
          null,
          1,
          null,
          1,
          19,
          null,
          null,
          1,
          3,
          null,
          null,
          1,
          17,
          17,
          null,
          17,
          17,
          17,
          null,
          null,
          null,
          null,
          17,
          null,
          0,
          null,
          0,
          0,
          null,
          0,
          null,
          null,
          null,
          1,
          6,
          6,
          null,
          null,
          1,
          3,
          null,
          null,
          1,
          4,
          null,
          null,
          1,
          4,
          null,
          null,
          1,
          3,
          3,
          3,
          3,
          null,
          3,
          3,
          3,
          3,
          3,
          3,
          3,
          3,
          null,
          3,
          0,
          0,
          null,
          null,
          3,
          3,
          3,
          null,
          3,
          null,
          null,
          1,
          6,
          6,
          null,
          null,
          1,
          21,
          3,
          9,
          9,
          9,
          0,
          0,
          0,
          null,
          null,
          null,
          9,
          null,
          null,
          null,
          null,
          null
        ]
      },
      "C:/Coding Projects/Ruby/gift-wise-app/app/controllers/registrations_controller.rb": {
        "lines": [
          1,
          1,
          2,
          null,
          null,
          1,
          18,
          18,
          5,
          null,
          13,
          null,
          null,
          null,
          1,
          null,
          1,
          18,
          null,
          null,
          null,
          null,
          null,
          null,
          null
        ]
      },
      "C:/Coding Projects/Ruby/gift-wise-app/app/controllers/settings_controller.rb": {
        "lines": [
          1,
          1,
          null,
          1,
          6,
          6,
          null,
          null,
          1,
          1,
          null,
          null,
          1,
          5,
          5,
          3,
          3,
          null,
          2,
          null,
          null,
          null,
          1,
          3,
          null,
          null,
          3,
          1,
          1,
          1,
          null,
          null,
          2,
          1,
          1,
          null,
          null,
          2,
          2,
          2,
          null,
          0,
          null,
          null,
          null,
          1,
          null,
          1,
          5,
          null,
          null,
          null,
          null,
          null,
          null,
          null,
          null,
          null,
          null,
          1,
          3,
          null,
          null
        ]
      },
      "C:/Coding Projects/Ruby/gift-wise-app/app/channels/application_cable/channel.rb": {
        "lines": [
          0,
          0,
          0,
          0
        ],
        "branches": {
        }
      },
      "C:/Coding Projects/Ruby/gift-wise-app/app/channels/application_cable/connection.rb": {
        "lines": [
          0,
          0,
          0,
          0
        ],
        "branches": {
        }
      },
      "C:/Coding Projects/Ruby/gift-wise-app/app/controllers/errors_controller.rb": {
        "lines": [
          0,
          0,
          0,
          null,
          0,
          null,
          0,
          0,
          0,
          null,
          0,
          0,
          0,
          null,
          0,
          null,
          0,
          0,
          0,
          0
        ],
        "branches": {
        }
      },
      "C:/Coding Projects/Ruby/gift-wise-app/app/controllers/gifts_for_recipients_controller.rb": {
        "lines": [
          0,
          0,
          0,
          null,
          0,
          0,
          0,
          0,
          0,
          null,
          0,
          0,
          0,
          0,
          0,
          0,
          null,
          0,
          0,
          0,
          0,
          0,
          0,
          0,
          null,
          0,
          0,
          0,
          0,
          null,
          0,
          null,
          0,
          0,
          0,
          null,
          0,
          0,
          0,
          0
        ],
        "branches": {
        }
      }
    },
    "timestamp": 1765496130
  }
}
